{"/Users/josepena/Documents/studies/kata/squares/src/index.js": {"path":"/Users/josepena/Documents/studies/kata/squares/src/index.js","statementMap":{"0":{"start":{"line":1,"column":16},"end":{"line":6,"column":1}},"1":{"start":{"line":2,"column":4},"end":{"line":3,"column":20}},"2":{"start":{"line":3,"column":8},"end":{"line":3,"column":20}},"3":{"start":{"line":5,"column":4},"end":{"line":5,"column":17}},"4":{"start":{"line":8,"column":0},"end":{"line":10,"column":1}}},"fnMap":{"0":{"name":"(anonymous_0)","decl":{"start":{"line":1,"column":16},"end":{"line":1,"column":17}},"loc":{"start":{"line":1,"column":27},"end":{"line":6,"column":1}},"line":1}},"branchMap":{"0":{"loc":{"start":{"line":2,"column":4},"end":{"line":3,"column":20}},"type":"if","locations":[{"start":{"line":2,"column":4},"end":{"line":3,"column":20}},{"start":{},"end":{}}],"line":2}},"s":{"0":1,"1":2,"2":1,"3":1,"4":1},"f":{"0":2},"b":{"0":[1,1]},"_coverageSchema":"1a1c01bbd47fc00a2c39e90264f33305004495a9","hash":"04064309575de44592ae70718827ea5d630ba052"}
}
